TN:
SF:src/components/AnimalListFaveAndRating.jsx
FN:10,AnimalListFaveAndRating
FN:13,handleToggleFave
FN:24,handleRatingChange
FN:42,onClick
FN:50,onRatingChange
FNF:5
FNH:3
FNDA:2,AnimalListFaveAndRating
FNDA:1,handleToggleFave
FNDA:0,handleRatingChange
FNDA:1,onClick
FNDA:0,onRatingChange
DA:1,1
DA:2,1
DA:3,1
DA:4,1
DA:5,1
DA:6,1
DA:7,1
DA:8,1
DA:9,1
DA:10,1
DA:11,2
DA:12,2
DA:13,2
DA:14,1
DA:15,1
DA:16,1
DA:17,1
DA:18,1
DA:19,1
DA:20,1
DA:21,2
DA:22,2
DA:23,2
DA:24,2
DA:25,0
DA:26,0
DA:27,0
DA:28,0
DA:29,0
DA:30,0
DA:31,0
DA:32,2
DA:33,2
DA:34,2
DA:35,2
DA:36,2
DA:37,2
DA:38,2
DA:39,2
DA:40,2
DA:41,2
DA:42,2
DA:43,2
DA:44,2
DA:45,2
DA:46,2
DA:47,0
DA:48,0
DA:49,0
DA:50,0
DA:51,0
DA:52,2
DA:53,2
DA:54,2
DA:55,2
DA:56,1
DA:57,1
DA:58,1
DA:59,1
DA:60,1
DA:61,1
DA:62,1
DA:63,1
LF:63
LH:51
BRDA:10,0,0,2
BRDA:41,1,0,0
BRDA:44,2,0,0
BRDA:46,3,0,0
BRDA:13,4,0,1
BRDA:14,5,0,1
BRDA:18,6,0,0
BRDA:18,7,0,0
BRDA:42,8,0,1
BRF:9
BRH:4
end_of_record
TN:
SF:src/components/LikeAndDislikeButton.jsx
FN:11,LikeAndDislikeButton
FN:31,handleCharacteristicLikeAndDislike
FN:87,onClick
FNF:3
FNH:3
FNDA:2,LikeAndDislikeButton
FNDA:2,handleCharacteristicLikeAndDislike
FNDA:2,onClick
DA:1,1
DA:2,1
DA:3,1
DA:4,1
DA:5,1
DA:6,1
DA:7,1
DA:8,1
DA:9,1
DA:10,1
DA:11,1
DA:12,2
DA:13,2
DA:14,2
DA:15,2
DA:16,2
DA:17,2
DA:18,2
DA:19,2
DA:20,2
DA:21,2
DA:22,2
DA:23,1
DA:24,0
DA:25,1
DA:26,1
DA:27,1
DA:28,0
DA:29,2
DA:30,2
DA:31,2
DA:32,2
DA:33,2
DA:34,2
DA:35,2
DA:36,2
DA:37,4
DA:38,4
DA:39,4
DA:40,2
DA:41,2
DA:42,2
DA:43,4
DA:44,4
DA:45,4
DA:46,4
DA:47,4
DA:48,4
DA:49,4
DA:50,1
DA:51,1
DA:52,1
DA:53,1
DA:54,0
DA:55,1
DA:56,1
DA:57,1
DA:58,1
DA:59,1
DA:60,1
DA:61,1
DA:62,4
DA:63,1
DA:64,1
DA:65,1
DA:66,1
DA:67,0
DA:68,1
DA:69,1
DA:70,1
DA:71,1
DA:72,1
DA:73,1
DA:74,2
DA:75,2
DA:76,2
DA:77,2
DA:78,2
DA:79,2
DA:80,2
DA:81,2
DA:82,2
DA:83,2
DA:84,2
DA:85,2
DA:86,2
DA:87,2
DA:88,2
DA:89,2
DA:90,2
DA:91,2
DA:92,2
DA:93,2
DA:94,2
DA:95,1
DA:96,1
DA:97,1
DA:98,1
DA:99,1
DA:100,1
DA:101,1
DA:102,1
DA:103,1
DA:104,1
LF:104
LH:100
BRDA:11,0,0,2
BRDA:23,1,0,1
BRDA:24,2,0,0
BRDA:26,3,0,1
BRDA:28,4,0,0
BRDA:31,5,0,2
BRDA:36,6,0,4
BRDA:39,7,0,2
BRDA:43,8,0,0
BRDA:44,9,0,0
BRDA:49,10,0,1
BRDA:54,11,0,0
BRDA:61,12,0,2
BRDA:62,13,0,1
BRDA:67,14,0,0
BRDA:73,15,0,2
BRDA:87,16,0,2
BRF:17
BRH:11
end_of_record
TN:
SF:src/components/Rating.jsx
FN:8,Rating
FN:17,handleStarClick
FN:30,onClick
FNF:3
FNH:3
FNDA:3,Rating
FNDA:1,handleStarClick
FNDA:2,onClick
DA:1,1
DA:2,1
DA:3,1
DA:4,1
DA:5,1
DA:6,1
DA:7,1
DA:8,1
DA:9,3
DA:10,3
DA:11,3
DA:12,3
DA:13,3
DA:14,3
DA:15,3
DA:16,3
DA:17,3
DA:18,1
DA:19,1
DA:20,3
DA:21,3
DA:22,3
DA:23,3
DA:24,3
DA:25,15
DA:26,15
DA:27,15
DA:28,15
DA:29,15
DA:30,15
DA:31,15
DA:32,15
DA:33,15
DA:34,15
DA:35,3
DA:36,3
DA:37,3
DA:38,3
DA:39,1
DA:40,1
DA:41,1
DA:42,1
DA:43,1
DA:44,1
DA:45,1
DA:46,1
DA:47,1
DA:48,1
LF:48
LH:48
BRDA:8,0,0,3
BRDA:17,1,0,1
BRDA:24,2,0,15
BRDA:29,3,0,5
BRDA:29,4,0,10
BRDA:31,5,0,5
BRDA:31,6,0,10
BRDA:32,7,0,10
BRDA:30,8,0,2
BRDA:30,9,0,1
BRF:10
BRH:10
end_of_record
TN:
SF:src/components/SearchBar.jsx
FN:4,SearchBar
FN:11,getAnimal
FNF:2
FNH:2
FNDA:4,SearchBar
FNDA:2,getAnimal
DA:1,1
DA:2,1
DA:3,1
DA:4,1
DA:5,4
DA:6,4
DA:7,4
DA:8,4
DA:9,4
DA:10,4
DA:11,4
DA:12,2
DA:13,2
DA:14,2
DA:15,2
DA:16,2
DA:17,2
DA:18,1
DA:19,1
DA:20,1
DA:21,1
DA:22,1
DA:23,1
DA:24,1
DA:25,1
DA:26,1
DA:27,1
DA:28,1
DA:29,1
DA:30,1
DA:31,1
DA:32,1
DA:33,1
DA:34,1
DA:35,1
DA:36,1
DA:37,1
DA:38,1
DA:39,1
DA:40,2
DA:41,0
DA:42,0
DA:43,0
DA:44,0
DA:45,4
DA:46,4
DA:47,4
DA:48,3
DA:49,3
DA:50,3
DA:51,3
DA:52,4
DA:53,4
DA:54,4
DA:55,4
DA:56,4
DA:57,4
DA:58,4
DA:59,4
DA:60,4
DA:61,4
DA:62,4
DA:63,4
DA:64,4
DA:65,4
DA:66,4
DA:67,4
DA:68,4
DA:69,4
DA:70,4
DA:71,1
DA:72,1
LF:72
LH:68
BRDA:4,0,0,4
BRDA:11,1,0,2
BRDA:17,2,0,1
BRDA:40,3,0,0
BRDA:47,4,0,3
BRDA:49,5,0,3
BRF:6
BRH:5
end_of_record
TN:
SF:src/contexts/GlobalContext.jsx
FN:6,GlobalContextProvider
FNF:1
FNH:1
FNDA:1,GlobalContextProvider
DA:1,1
DA:2,1
DA:3,1
DA:4,1
DA:5,1
DA:6,1
DA:7,1
DA:8,1
DA:9,1
DA:10,1
DA:11,1
DA:12,1
DA:13,1
DA:14,1
DA:15,1
DA:16,1
DA:17,1
DA:18,1
DA:19,1
DA:20,1
DA:21,1
DA:22,1
DA:23,1
DA:24,1
DA:25,1
DA:26,1
DA:27,1
DA:28,1
DA:29,1
DA:30,1
DA:31,1
DA:32,1
DA:33,1
LF:33
LH:33
BRDA:6,0,0,1
BRF:1
BRH:1
end_of_record
